app/build/intermediates/manifest_merge_blame_file/release/processReleaseMainManifest/manifest-merger-blame-release-report.txt
1<?xml version="1.0" encoding="utf-8"?>
2<manifest xmlns:android="http://schemas.android.com/apk/res/android"
3    package="fm.corus.android"
4    android:versionCode="1"
5    android:versionName="1.0.0" >
6
7    <uses-sdk
8        android:minSdkVersion="26"
9        android:targetSdkVersion="35" />
10
11    <uses-permission android:name="android.permission.INTERNET" />
11-->src/main/AndroidManifest.xml:5:5-67
11-->src/main/AndroidManifest.xml:5:22-64
12    <uses-permission android:name="android.permission.POST_NOTIFICATIONS" />
12-->src/main/AndroidManifest.xml:6:5-77
12-->src/main/AndroidManifest.xml:6:22-74
13    <uses-permission android:name="android.permission.READ_CONTACTS" />
13-->src/main/AndroidManifest.xml:7:5-72
13-->src/main/AndroidManifest.xml:7:22-69
14    <uses-permission android:name="android.permission.RECORD_AUDIO" />
14-->src/main/AndroidManifest.xml:8:5-71
14-->src/main/AndroidManifest.xml:8:22-68
15    <uses-permission android:name="android.permission.VIBRATE" />
15-->src/main/AndroidManifest.xml:9:5-66
15-->src/main/AndroidManifest.xml:9:22-63
16    <uses-permission android:name="android.permission.ACCESS_NETWORK_STATE" />
16-->[com.google.firebase:firebase-auth:23.1.0] AndroidManifest.xml:26:5-79
16-->[com.google.firebase:firebase-auth:23.1.0] AndroidManifest.xml:26:22-76
17    <uses-permission android:name="com.android.vending.BILLING" />
17-->[com.android.billingclient:billing:7.0.0] AndroidManifest.xml:10:5-67
17-->[com.android.billingclient:billing:7.0.0] AndroidManifest.xml:10:22-64
18
19    <queries>
19-->[com.android.billingclient:billing:7.0.0] AndroidManifest.xml:12:5-16:15
20        <intent>
20-->[com.android.billingclient:billing:7.0.0] AndroidManifest.xml:13:9-15:18
21            <action android:name="com.android.vending.billing.InAppBillingService.BIND" />
21-->[com.android.billingclient:billing:7.0.0] AndroidManifest.xml:14:13-91
21-->[com.android.billingclient:billing:7.0.0] AndroidManifest.xml:14:21-88
22        </intent>
23    </queries>
24
25    <uses-permission android:name="android.permission.WAKE_LOCK" /> <!-- Required by older versions of Google Play services to create IID tokens -->
25-->[com.google.firebase:firebase-messaging:24.1.0] AndroidManifest.xml:24:5-68
25-->[com.google.firebase:firebase-messaging:24.1.0] AndroidManifest.xml:24:22-65
26    <uses-permission android:name="com.google.android.c2dm.permission.RECEIVE" />
26-->[com.google.firebase:firebase-messaging:24.1.0] AndroidManifest.xml:26:5-82
26-->[com.google.firebase:firebase-messaging:24.1.0] AndroidManifest.xml:26:22-79
27    <uses-permission android:name="com.google.android.finsky.permission.BIND_GET_INSTALL_REFERRER_SERVICE" />
27-->[com.google.android.gms:play-services-measurement:22.1.2] AndroidManifest.xml:26:5-110
27-->[com.google.android.gms:play-services-measurement:22.1.2] AndroidManifest.xml:26:22-107
28    <uses-permission android:name="com.google.android.gms.permission.AD_ID" />
28-->[com.google.android.gms:play-services-measurement-impl:22.1.2] AndroidManifest.xml:27:5-79
28-->[com.google.android.gms:play-services-measurement-impl:22.1.2] AndroidManifest.xml:27:22-76
29    <uses-permission android:name="android.permission.ACCESS_ADSERVICES_ATTRIBUTION" />
29-->[com.google.android.gms:play-services-measurement-api:22.1.2] AndroidManifest.xml:26:5-88
29-->[com.google.android.gms:play-services-measurement-api:22.1.2] AndroidManifest.xml:26:22-85
30    <uses-permission android:name="android.permission.ACCESS_ADSERVICES_AD_ID" />
30-->[com.google.android.gms:play-services-measurement-api:22.1.2] AndroidManifest.xml:27:5-82
30-->[com.google.android.gms:play-services-measurement-api:22.1.2] AndroidManifest.xml:27:22-79
31    <uses-permission android:name="com.google.android.providers.gsf.permission.READ_GSERVICES" />
31-->[com.google.android.recaptcha:recaptcha:18.5.1] AndroidManifest.xml:9:5-98
31-->[com.google.android.recaptcha:recaptcha:18.5.1] AndroidManifest.xml:9:22-95
32    <uses-permission android:name="android.permission.RECEIVE_BOOT_COMPLETED" />
32-->[androidx.work:work-runtime:2.10.0] AndroidManifest.xml:25:5-81
32-->[androidx.work:work-runtime:2.10.0] AndroidManifest.xml:25:22-78
33    <uses-permission android:name="android.permission.FOREGROUND_SERVICE" />
33-->[androidx.work:work-runtime:2.10.0] AndroidManifest.xml:26:5-77
33-->[androidx.work:work-runtime:2.10.0] AndroidManifest.xml:26:22-74
34
35    <permission
35-->[androidx.core:core:1.13.1] AndroidManifest.xml:22:5-24:47
36        android:name="fm.corus.android.DYNAMIC_RECEIVER_NOT_EXPORTED_PERMISSION"
36-->[androidx.core:core:1.13.1] AndroidManifest.xml:23:9-81
37        android:protectionLevel="signature" />
37-->[androidx.core:core:1.13.1] AndroidManifest.xml:24:9-44
38
39    <uses-permission android:name="fm.corus.android.DYNAMIC_RECEIVER_NOT_EXPORTED_PERMISSION" />
39-->[androidx.core:core:1.13.1] AndroidManifest.xml:26:5-97
39-->[androidx.core:core:1.13.1] AndroidManifest.xml:26:22-94
40
41    <application
41-->src/main/AndroidManifest.xml:11:5-75:19
42        android:name="fm.corus.android.CorusApplication"
42-->src/main/AndroidManifest.xml:12:9-41
43        android:allowBackup="true"
43-->src/main/AndroidManifest.xml:13:9-35
44        android:appComponentFactory="androidx.core.app.CoreComponentFactory"
44-->[androidx.core:core:1.13.1] AndroidManifest.xml:28:18-86
45        android:extractNativeLibs="false"
46        android:icon="@mipmap/ic_launcher"
46-->src/main/AndroidManifest.xml:14:9-43
47        android:label="@string/app_name"
47-->src/main/AndroidManifest.xml:16:9-41
48        android:roundIcon="@mipmap/ic_launcher_round"
48-->src/main/AndroidManifest.xml:15:9-54
49        android:supportsRtl="true"
49-->src/main/AndroidManifest.xml:17:9-35
50        android:theme="@style/Theme.Corus" >
50-->src/main/AndroidManifest.xml:18:9-43
51        <activity
51-->src/main/AndroidManifest.xml:21:9-48:20
52            android:name="fm.corus.android.MainActivity"
52-->src/main/AndroidManifest.xml:22:13-41
53            android:exported="true"
53-->src/main/AndroidManifest.xml:23:13-36
54            android:launchMode="singleTask"
54-->src/main/AndroidManifest.xml:24:13-44
55            android:theme="@style/Theme.Corus"
55-->src/main/AndroidManifest.xml:25:13-47
56            android:windowSoftInputMode="adjustResize" >
56-->src/main/AndroidManifest.xml:26:13-55
57            <intent-filter>
57-->src/main/AndroidManifest.xml:28:13-31:29
58                <action android:name="android.intent.action.MAIN" />
58-->src/main/AndroidManifest.xml:29:17-69
58-->src/main/AndroidManifest.xml:29:25-66
59
60                <category android:name="android.intent.category.LAUNCHER" />
60-->src/main/AndroidManifest.xml:30:17-77
60-->src/main/AndroidManifest.xml:30:27-74
61            </intent-filter>
62
63            <!-- Deep link: corus:// -->
64            <intent-filter>
64-->src/main/AndroidManifest.xml:34:13-39:29
65                <action android:name="android.intent.action.VIEW" />
65-->src/main/AndroidManifest.xml:35:17-69
65-->src/main/AndroidManifest.xml:35:25-66
66
67                <category android:name="android.intent.category.DEFAULT" />
67-->src/main/AndroidManifest.xml:36:17-76
67-->src/main/AndroidManifest.xml:36:27-73
68                <category android:name="android.intent.category.BROWSABLE" />
68-->src/main/AndroidManifest.xml:37:17-78
68-->src/main/AndroidManifest.xml:37:27-75
69
70                <data android:scheme="corus" />
70-->src/main/AndroidManifest.xml:38:17-48
70-->src/main/AndroidManifest.xml:38:23-45
71            </intent-filter>
72
73            <!-- Universal link: https://corus.fm -->
74            <intent-filter android:autoVerify="true" >
74-->src/main/AndroidManifest.xml:42:13-47:29
74-->src/main/AndroidManifest.xml:42:28-53
75                <action android:name="android.intent.action.VIEW" />
75-->src/main/AndroidManifest.xml:35:17-69
75-->src/main/AndroidManifest.xml:35:25-66
76
77                <category android:name="android.intent.category.DEFAULT" />
77-->src/main/AndroidManifest.xml:36:17-76
77-->src/main/AndroidManifest.xml:36:27-73
78                <category android:name="android.intent.category.BROWSABLE" />
78-->src/main/AndroidManifest.xml:37:17-78
78-->src/main/AndroidManifest.xml:37:27-75
79
80                <data
80-->src/main/AndroidManifest.xml:38:17-48
81                    android:host="corus.fm"
81-->src/main/AndroidManifest.xml:46:46-69
82                    android:scheme="https" />
82-->src/main/AndroidManifest.xml:38:23-45
83            </intent-filter>
84        </activity>
85
86        <!-- FCM Service -->
87        <service
87-->src/main/AndroidManifest.xml:51:9-57:19
88            android:name="fm.corus.android.service.CorusFirebaseMessagingService"
88-->src/main/AndroidManifest.xml:52:13-66
89            android:exported="false" >
89-->src/main/AndroidManifest.xml:53:13-37
90            <intent-filter>
90-->src/main/AndroidManifest.xml:54:13-56:29
91                <action android:name="com.google.firebase.MESSAGING_EVENT" />
91-->src/main/AndroidManifest.xml:55:17-78
91-->src/main/AndroidManifest.xml:55:25-75
92            </intent-filter>
93        </service>
94
95        <!-- FileProvider for sharing images (Instagram Stories, etc.) -->
96        <provider
97            android:name="androidx.core.content.FileProvider"
97-->src/main/AndroidManifest.xml:61:13-62
98            android:authorities="fm.corus.android.provider"
98-->src/main/AndroidManifest.xml:62:13-60
99            android:exported="false"
99-->src/main/AndroidManifest.xml:63:13-37
100            android:grantUriPermissions="true" >
100-->src/main/AndroidManifest.xml:64:13-47
101            <meta-data
101-->src/main/AndroidManifest.xml:65:13-67:54
102                android:name="android.support.FILE_PROVIDER_PATHS"
102-->src/main/AndroidManifest.xml:66:17-67
103                android:resource="@xml/file_paths" />
103-->src/main/AndroidManifest.xml:67:17-51
104        </provider>
105
106        <!-- Notification channels are created in CorusApplication.onCreate() -->
107        <meta-data
107-->src/main/AndroidManifest.xml:71:9-73:45
108            android:name="com.google.firebase.messaging.default_notification_channel_id"
108-->src/main/AndroidManifest.xml:72:13-89
109            android:value="corus_general" />
109-->src/main/AndroidManifest.xml:73:13-42
110
111        <activity
111-->[com.revenuecat.purchases:purchases-ui:8.10.5] AndroidManifest.xml:8:9-10:40
112            android:name="com.revenuecat.purchases.ui.revenuecatui.activity.PaywallActivity"
112-->[com.revenuecat.purchases:purchases-ui:8.10.5] AndroidManifest.xml:9:13-93
113            android:exported="false" />
113-->[com.revenuecat.purchases:purchases-ui:8.10.5] AndroidManifest.xml:10:13-37
114
115        <service
115-->[com.google.firebase:firebase-auth-ktx:23.1.0] AndroidManifest.xml:8:9-14:19
116            android:name="com.google.firebase.components.ComponentDiscoveryService"
116-->[com.google.firebase:firebase-auth-ktx:23.1.0] AndroidManifest.xml:9:13-84
117            android:directBootAware="true"
117-->[com.google.firebase:firebase-common:21.0.0] AndroidManifest.xml:32:13-43
118            android:exported="false" >
118-->[com.google.firebase:firebase-auth-ktx:23.1.0] AndroidManifest.xml:10:13-37
119            <meta-data
119-->[com.google.firebase:firebase-auth-ktx:23.1.0] AndroidManifest.xml:11:13-13:85
120                android:name="com.google.firebase.components:com.google.firebase.auth.ktx.FirebaseAuthLegacyRegistrar"
120-->[com.google.firebase:firebase-auth-ktx:23.1.0] AndroidManifest.xml:12:17-119
121                android:value="com.google.firebase.components.ComponentRegistrar" />
121-->[com.google.firebase:firebase-auth-ktx:23.1.0] AndroidManifest.xml:13:17-82
122            <meta-data
122-->[com.google.firebase:firebase-auth:23.1.0] AndroidManifest.xml:69:13-71:85
123                android:name="com.google.firebase.components:com.google.firebase.auth.FirebaseAuthRegistrar"
123-->[com.google.firebase:firebase-auth:23.1.0] AndroidManifest.xml:70:17-109
124                android:value="com.google.firebase.components.ComponentRegistrar" />
124-->[com.google.firebase:firebase-auth:23.1.0] AndroidManifest.xml:71:17-82
125            <meta-data
125-->[com.google.firebase:firebase-appcheck-playintegrity:18.0.0] AndroidManifest.xml:25:13-27:85
126                android:name="com.google.firebase.components:com.google.firebase.appcheck.playintegrity.FirebaseAppCheckPlayIntegrityRegistrar"
126-->[com.google.firebase:firebase-appcheck-playintegrity:18.0.0] AndroidManifest.xml:26:17-144
127                android:value="com.google.firebase.components.ComponentRegistrar" />
127-->[com.google.firebase:firebase-appcheck-playintegrity:18.0.0] AndroidManifest.xml:27:17-82
128            <meta-data
128-->[com.google.firebase:firebase-functions-ktx:21.1.0] AndroidManifest.xml:12:13-14:85
129                android:name="com.google.firebase.components:com.google.firebase.functions.ktx.FirebaseFunctionsLegacyRegistrar"
129-->[com.google.firebase:firebase-functions-ktx:21.1.0] AndroidManifest.xml:13:17-129
130                android:value="com.google.firebase.components.ComponentRegistrar" />
130-->[com.google.firebase:firebase-functions-ktx:21.1.0] AndroidManifest.xml:14:17-82
131            <meta-data
131-->[com.google.firebase:firebase-functions:21.1.0] AndroidManifest.xml:15:13-17:85
132                android:name="com.google.firebase.components:com.google.firebase.functions.FirebaseFunctionsKtxRegistrar"
132-->[com.google.firebase:firebase-functions:21.1.0] AndroidManifest.xml:16:17-122
133                android:value="com.google.firebase.components.ComponentRegistrar" />
133-->[com.google.firebase:firebase-functions:21.1.0] AndroidManifest.xml:17:17-82
134            <meta-data
134-->[com.google.firebase:firebase-functions:21.1.0] AndroidManifest.xml:18:13-20:85
135                android:name="com.google.firebase.components:com.google.firebase.functions.FunctionsRegistrar"
135-->[com.google.firebase:firebase-functions:21.1.0] AndroidManifest.xml:19:17-111
136                android:value="com.google.firebase.components.ComponentRegistrar" />
136-->[com.google.firebase:firebase-functions:21.1.0] AndroidManifest.xml:20:17-82
137            <meta-data
137-->[com.google.firebase:firebase-storage-ktx:21.0.1] AndroidManifest.xml:12:13-14:85
138                android:name="com.google.firebase.components:com.google.firebase.storage.ktx.FirebaseStorageLegacyRegistrar"
138-->[com.google.firebase:firebase-storage-ktx:21.0.1] AndroidManifest.xml:13:17-125
139                android:value="com.google.firebase.components.ComponentRegistrar" />
139-->[com.google.firebase:firebase-storage-ktx:21.0.1] AndroidManifest.xml:14:17-82
140            <meta-data
140-->[com.google.firebase:firebase-storage:21.0.1] AndroidManifest.xml:30:13-32:85
141                android:name="com.google.firebase.components:com.google.firebase.storage.FirebaseStorageKtxRegistrar"
141-->[com.google.firebase:firebase-storage:21.0.1] AndroidManifest.xml:31:17-118
142                android:value="com.google.firebase.components.ComponentRegistrar" />
142-->[com.google.firebase:firebase-storage:21.0.1] AndroidManifest.xml:32:17-82
143            <meta-data
143-->[com.google.firebase:firebase-storage:21.0.1] AndroidManifest.xml:33:13-35:85
144                android:name="com.google.firebase.components:com.google.firebase.storage.StorageRegistrar"
144-->[com.google.firebase:firebase-storage:21.0.1] AndroidManifest.xml:34:17-107
145                android:value="com.google.firebase.components.ComponentRegistrar" />
145-->[com.google.firebase:firebase-storage:21.0.1] AndroidManifest.xml:35:17-82
146            <meta-data
146-->[com.google.firebase:firebase-firestore-ktx:25.1.1] AndroidManifest.xml:12:13-14:85
147                android:name="com.google.firebase.components:com.google.firebase.firestore.ktx.FirebaseFirestoreLegacyRegistrar"
147-->[com.google.firebase:firebase-firestore-ktx:25.1.1] AndroidManifest.xml:13:17-129
148                android:value="com.google.firebase.components.ComponentRegistrar" />
148-->[com.google.firebase:firebase-firestore-ktx:25.1.1] AndroidManifest.xml:14:17-82
149            <meta-data
149-->[com.google.firebase:firebase-firestore:25.1.1] AndroidManifest.xml:17:13-19:85
150                android:name="com.google.firebase.components:com.google.firebase.firestore.FirebaseFirestoreKtxRegistrar"
150-->[com.google.firebase:firebase-firestore:25.1.1] AndroidManifest.xml:18:17-122
151                android:value="com.google.firebase.components.ComponentRegistrar" />
151-->[com.google.firebase:firebase-firestore:25.1.1] AndroidManifest.xml:19:17-82
152            <meta-data
152-->[com.google.firebase:firebase-firestore:25.1.1] AndroidManifest.xml:20:13-22:85
153                android:name="com.google.firebase.components:com.google.firebase.firestore.FirestoreRegistrar"
153-->[com.google.firebase:firebase-firestore:25.1.1] AndroidManifest.xml:21:17-111
154                android:value="com.google.firebase.components.ComponentRegistrar" />
154-->[com.google.firebase:firebase-firestore:25.1.1] AndroidManifest.xml:22:17-82
155            <meta-data
155-->[com.google.firebase:firebase-appcheck:18.0.0] AndroidManifest.xml:25:13-27:85
156                android:name="com.google.firebase.components:com.google.firebase.appcheck.FirebaseAppCheckKtxRegistrar"
156-->[com.google.firebase:firebase-appcheck:18.0.0] AndroidManifest.xml:26:17-120
157                android:value="com.google.firebase.components.ComponentRegistrar" />
157-->[com.google.firebase:firebase-appcheck:18.0.0] AndroidManifest.xml:27:17-82
158            <meta-data
158-->[com.google.firebase:firebase-appcheck:18.0.0] AndroidManifest.xml:28:13-30:85
159                android:name="com.google.firebase.components:com.google.firebase.appcheck.FirebaseAppCheckRegistrar"
159-->[com.google.firebase:firebase-appcheck:18.0.0] AndroidManifest.xml:29:17-117
160                android:value="com.google.firebase.components.ComponentRegistrar" />
160-->[com.google.firebase:firebase-appcheck:18.0.0] AndroidManifest.xml:30:17-82
161            <meta-data
161-->[com.google.firebase:firebase-messaging-ktx:24.1.0] AndroidManifest.xml:26:13-28:85
162                android:name="com.google.firebase.components:com.google.firebase.messaging.ktx.FirebaseMessagingLegacyRegistrar"
162-->[com.google.firebase:firebase-messaging-ktx:24.1.0] AndroidManifest.xml:27:17-129
163                android:value="com.google.firebase.components.ComponentRegistrar" />
163-->[com.google.firebase:firebase-messaging-ktx:24.1.0] AndroidManifest.xml:28:17-82
164            <meta-data
164-->[com.google.firebase:firebase-messaging:24.1.0] AndroidManifest.xml:57:13-59:85
165                android:name="com.google.firebase.components:com.google.firebase.messaging.FirebaseMessagingKtxRegistrar"
165-->[com.google.firebase:firebase-messaging:24.1.0] AndroidManifest.xml:58:17-122
166                android:value="com.google.firebase.components.ComponentRegistrar" />
166-->[com.google.firebase:firebase-messaging:24.1.0] AndroidManifest.xml:59:17-82
167            <meta-data
167-->[com.google.firebase:firebase-messaging:24.1.0] AndroidManifest.xml:60:13-62:85
168                android:name="com.google.firebase.components:com.google.firebase.messaging.FirebaseMessagingRegistrar"
168-->[com.google.firebase:firebase-messaging:24.1.0] AndroidManifest.xml:61:17-119
169                android:value="com.google.firebase.components.ComponentRegistrar" />
169-->[com.google.firebase:firebase-messaging:24.1.0] AndroidManifest.xml:62:17-82
170            <meta-data
170-->[com.google.firebase:firebase-analytics-ktx:22.1.2] AndroidManifest.xml:11:13-13:85
171                android:name="com.google.firebase.components:com.google.firebase.analytics.ktx.FirebaseAnalyticsLegacyRegistrar"
171-->[com.google.firebase:firebase-analytics-ktx:22.1.2] AndroidManifest.xml:12:17-129
172                android:value="com.google.firebase.components.ComponentRegistrar" />
172-->[com.google.firebase:firebase-analytics-ktx:22.1.2] AndroidManifest.xml:13:17-82
173            <meta-data
173-->[com.google.firebase:firebase-config-ktx:22.0.1] AndroidManifest.xml:12:13-14:85
174                android:name="com.google.firebase.components:com.google.firebase.remoteconfig.ktx.FirebaseConfigLegacyRegistrar"
174-->[com.google.firebase:firebase-config-ktx:22.0.1] AndroidManifest.xml:13:17-129
175                android:value="com.google.firebase.components.ComponentRegistrar" />
175-->[com.google.firebase:firebase-config-ktx:22.0.1] AndroidManifest.xml:14:17-82
176            <meta-data
176-->[com.google.firebase:firebase-crashlytics-ktx:19.3.0] AndroidManifest.xml:24:13-26:85
177                android:name="com.google.firebase.components:com.google.firebase.crashlytics.ktx.FirebaseCrashlyticsKtxRegistrar"
177-->[com.google.firebase:firebase-crashlytics-ktx:19.3.0] AndroidManifest.xml:25:17-130
178                android:value="com.google.firebase.components.ComponentRegistrar" />
178-->[com.google.firebase:firebase-crashlytics-ktx:19.3.0] AndroidManifest.xml:26:17-82
179            <meta-data
179-->[com.google.firebase:firebase-config:22.0.1] AndroidManifest.xml:29:13-31:85
180                android:name="com.google.firebase.components:com.google.firebase.remoteconfig.FirebaseRemoteConfigKtxRegistrar"
180-->[com.google.firebase:firebase-config:22.0.1] AndroidManifest.xml:30:17-128
181                android:value="com.google.firebase.components.ComponentRegistrar" />
181-->[com.google.firebase:firebase-config:22.0.1] AndroidManifest.xml:31:17-82
182            <meta-data
182-->[com.google.firebase:firebase-config:22.0.1] AndroidManifest.xml:32:13-34:85
183                android:name="com.google.firebase.components:com.google.firebase.remoteconfig.RemoteConfigRegistrar"
183-->[com.google.firebase:firebase-config:22.0.1] AndroidManifest.xml:33:17-117
184                android:value="com.google.firebase.components.ComponentRegistrar" />
184-->[com.google.firebase:firebase-config:22.0.1] AndroidManifest.xml:34:17-82
185            <meta-data
185-->[com.google.firebase:firebase-crashlytics:19.3.0] AndroidManifest.xml:15:13-17:85
186                android:name="com.google.firebase.components:com.google.firebase.crashlytics.FirebaseCrashlyticsKtxRegistrar"
186-->[com.google.firebase:firebase-crashlytics:19.3.0] AndroidManifest.xml:16:17-126
187                android:value="com.google.firebase.components.ComponentRegistrar" />
187-->[com.google.firebase:firebase-crashlytics:19.3.0] AndroidManifest.xml:17:17-82
188            <meta-data
188-->[com.google.firebase:firebase-crashlytics:19.3.0] AndroidManifest.xml:18:13-20:85
189                android:name="com.google.firebase.components:com.google.firebase.crashlytics.CrashlyticsRegistrar"
189-->[com.google.firebase:firebase-crashlytics:19.3.0] AndroidManifest.xml:19:17-115
190                android:value="com.google.firebase.components.ComponentRegistrar" />
190-->[com.google.firebase:firebase-crashlytics:19.3.0] AndroidManifest.xml:20:17-82
191            <meta-data
191-->[com.google.firebase:firebase-iid:21.1.0] AndroidManifest.xml:32:13-34:85
192                android:name="com.google.firebase.components:com.google.firebase.iid.Registrar"
192-->[com.google.firebase:firebase-iid:21.1.0] AndroidManifest.xml:33:17-96
193                android:value="com.google.firebase.components.ComponentRegistrar" />
193-->[com.google.firebase:firebase-iid:21.1.0] AndroidManifest.xml:34:17-82
194            <meta-data
194-->[com.google.firebase:firebase-sessions:2.0.7] AndroidManifest.xml:29:13-31:85
195                android:name="com.google.firebase.components:com.google.firebase.sessions.FirebaseSessionsRegistrar"
195-->[com.google.firebase:firebase-sessions:2.0.7] AndroidManifest.xml:30:17-117
196                android:value="com.google.firebase.components.ComponentRegistrar" />
196-->[com.google.firebase:firebase-sessions:2.0.7] AndroidManifest.xml:31:17-82
197            <meta-data
197-->[com.google.android.gms:play-services-measurement-api:22.1.2] AndroidManifest.xml:37:13-39:85
198                android:name="com.google.firebase.components:com.google.firebase.analytics.connector.internal.AnalyticsConnectorRegistrar"
198-->[com.google.android.gms:play-services-measurement-api:22.1.2] AndroidManifest.xml:38:17-139
199                android:value="com.google.firebase.components.ComponentRegistrar" />
199-->[com.google.android.gms:play-services-measurement-api:22.1.2] AndroidManifest.xml:39:17-82
200            <meta-data
200-->[com.google.firebase:firebase-installations:18.0.0] AndroidManifest.xml:15:13-17:85
201                android:name="com.google.firebase.components:com.google.firebase.installations.FirebaseInstallationsKtxRegistrar"
201-->[com.google.firebase:firebase-installations:18.0.0] AndroidManifest.xml:16:17-130
202                android:value="com.google.firebase.components.ComponentRegistrar" />
202-->[com.google.firebase:firebase-installations:18.0.0] AndroidManifest.xml:17:17-82
203            <meta-data
203-->[com.google.firebase:firebase-installations:18.0.0] AndroidManifest.xml:18:13-20:85
204                android:name="com.google.firebase.components:com.google.firebase.installations.FirebaseInstallationsRegistrar"
204-->[com.google.firebase:firebase-installations:18.0.0] AndroidManifest.xml:19:17-127
205                android:value="com.google.firebase.components.ComponentRegistrar" />
205-->[com.google.firebase:firebase-installations:18.0.0] AndroidManifest.xml:20:17-82
206            <meta-data
206-->[com.google.firebase:firebase-common-ktx:21.0.0] AndroidManifest.xml:12:13-14:85
207                android:name="com.google.firebase.components:com.google.firebase.ktx.FirebaseCommonLegacyRegistrar"
207-->[com.google.firebase:firebase-common-ktx:21.0.0] AndroidManifest.xml:13:17-116
208                android:value="com.google.firebase.components.ComponentRegistrar" />
208-->[com.google.firebase:firebase-common-ktx:21.0.0] AndroidManifest.xml:14:17-82
209            <meta-data
209-->[com.google.firebase:firebase-common:21.0.0] AndroidManifest.xml:35:13-37:85
210                android:name="com.google.firebase.components:com.google.firebase.FirebaseCommonKtxRegistrar"
210-->[com.google.firebase:firebase-common:21.0.0] AndroidManifest.xml:36:17-109
211                android:value="com.google.firebase.components.ComponentRegistrar" />
211-->[com.google.firebase:firebase-common:21.0.0] AndroidManifest.xml:37:17-82
212            <meta-data
212-->[com.google.firebase:firebase-abt:21.1.1] AndroidManifest.xml:12:13-14:85
213                android:name="com.google.firebase.components:com.google.firebase.abt.component.AbtRegistrar"
213-->[com.google.firebase:firebase-abt:21.1.1] AndroidManifest.xml:13:17-109
214                android:value="com.google.firebase.components.ComponentRegistrar" />
214-->[com.google.firebase:firebase-abt:21.1.1] AndroidManifest.xml:14:17-82
215            <meta-data
215-->[com.google.firebase:firebase-datatransport:19.0.0] AndroidManifest.xml:25:13-27:85
216                android:name="com.google.firebase.components:com.google.firebase.datatransport.TransportRegistrar"
216-->[com.google.firebase:firebase-datatransport:19.0.0] AndroidManifest.xml:26:17-115
217                android:value="com.google.firebase.components.ComponentRegistrar" />
217-->[com.google.firebase:firebase-datatransport:19.0.0] AndroidManifest.xml:27:17-82
218        </service>
219
220        <activity
220-->[com.google.firebase:firebase-auth:23.1.0] AndroidManifest.xml:29:9-46:20
221            android:name="com.google.firebase.auth.internal.GenericIdpActivity"
221-->[com.google.firebase:firebase-auth:23.1.0] AndroidManifest.xml:30:13-80
222            android:excludeFromRecents="true"
222-->[com.google.firebase:firebase-auth:23.1.0] AndroidManifest.xml:31:13-46
223            android:exported="true"
223-->[com.google.firebase:firebase-auth:23.1.0] AndroidManifest.xml:32:13-36
224            android:launchMode="singleTask"
224-->[com.google.firebase:firebase-auth:23.1.0] AndroidManifest.xml:33:13-44
225            android:theme="@android:style/Theme.Translucent.NoTitleBar" >
225-->[com.google.firebase:firebase-auth:23.1.0] AndroidManifest.xml:34:13-72
226            <intent-filter>
226-->[com.google.firebase:firebase-auth:23.1.0] AndroidManifest.xml:35:13-45:29
227                <action android:name="android.intent.action.VIEW" />
227-->src/main/AndroidManifest.xml:35:17-69
227-->src/main/AndroidManifest.xml:35:25-66
228
229                <category android:name="android.intent.category.DEFAULT" />
229-->src/main/AndroidManifest.xml:36:17-76
229-->src/main/AndroidManifest.xml:36:27-73
230                <category android:name="android.intent.category.BROWSABLE" />
230-->src/main/AndroidManifest.xml:37:17-78
230-->src/main/AndroidManifest.xml:37:27-75
231
232                <data
232-->src/main/AndroidManifest.xml:38:17-48
233                    android:host="firebase.auth"
233-->src/main/AndroidManifest.xml:46:46-69
234                    android:path="/"
235                    android:scheme="genericidp" />
235-->src/main/AndroidManifest.xml:38:23-45
236            </intent-filter>
237        </activity>
238        <activity
238-->[com.google.firebase:firebase-auth:23.1.0] AndroidManifest.xml:47:9-64:20
239            android:name="com.google.firebase.auth.internal.RecaptchaActivity"
239-->[com.google.firebase:firebase-auth:23.1.0] AndroidManifest.xml:48:13-79
240            android:excludeFromRecents="true"
240-->[com.google.firebase:firebase-auth:23.1.0] AndroidManifest.xml:49:13-46
241            android:exported="true"
241-->[com.google.firebase:firebase-auth:23.1.0] AndroidManifest.xml:50:13-36
242            android:launchMode="singleTask"